{"numTotalTestSuites":339,"numPassedTestSuites":321,"numFailedTestSuites":18,"numPendingTestSuites":0,"numTotalTests":646,"numPassedTests":497,"numFailedTests":10,"numPendingTests":139,"numTodoTests":0,"snapshot":{"added":0,"failure":false,"filesAdded":0,"filesRemoved":0,"filesRemovedList":[],"filesUnmatched":0,"filesUpdated":0,"matched":0,"total":0,"unchecked":0,"uncheckedKeysByFile":[],"unmatched":0,"updated":0,"didUpdate":false},"startTime":1760837604817,"success":false,"testResults":[{"assertionResults":[{"ancestorTitles":["App"],"fullName":"App should render the app with auth provider","status":"passed","title":"should render the app with auth provider","duration":21.88916699999936,"failureMessages":[],"meta":{}}],"startTime":1760837615530,"endTime":1760837615551.8892,"status":"passed","message":"","name":"/Volumes/HestAI-Projects/eav-ops/eav-apps/scripts-web/src/App.test.tsx"},{"assertionResults":[{"ancestorTitles":["AuthContext"],"fullName":"AuthContext should provide auth context to children","status":"passed","title":"should provide auth context to children","duration":18.493250000001353,"failureMessages":[],"meta":{}},{"ancestorTitles":["AuthContext"],"fullName":"AuthContext should throw error when used outside provider","status":"passed","title":"should throw error when used outside provider","duration":6.412750000001324,"failureMessages":[],"meta":{}}],"startTime":1760837615101,"endTime":1760837615126.4128,"status":"passed","message":"","name":"/Volumes/HestAI-Projects/eav-ops/eav-apps/scripts-web/src/contexts/AuthContext.test.tsx"},{"assertionResults":[{"ancestorTitles":["AuthContext - User Cache Isolation (P1 Security Fix)"],"fullName":"AuthContext - User Cache Isolation (P1 Security Fix) should clear all React Query caches on user logout","status":"passed","title":"should clear all React Query caches on user logout","duration":9.652584000001298,"failureMessages":[],"meta":{}},{"ancestorTitles":["AuthContext - User Cache Isolation (P1 Security Fix)"],"fullName":"AuthContext - User Cache Isolation (P1 Security Fix) should maintain separate caches for different users (userId in queryKey)","status":"passed","title":"should maintain separate caches for different users (userId in queryKey)","duration":0.7319580000003043,"failureMessages":[],"meta":{}},{"ancestorTitles":["AuthContext - User Cache Isolation (P1 Security Fix)"],"fullName":"AuthContext - User Cache Isolation (P1 Security Fix) should prevent cross-user data leakage on user switch","status":"passed","title":"should prevent cross-user data leakage on user switch","duration":24.78625000000102,"failureMessages":[],"meta":{}}],"startTime":1760837614663,"endTime":1760837614698.7861,"status":"passed","message":"","name":"/Volumes/HestAI-Projects/eav-ops/eav-apps/scripts-web/src/contexts/AuthContext.user-isolation.test.tsx"},{"assertionResults":[{"ancestorTitles":["ScriptStatusContext"],"fullName":"ScriptStatusContext should provide initial null status","status":"passed","title":"should provide initial null status","duration":10.479083000000173,"failureMessages":[],"meta":{}},{"ancestorTitles":["ScriptStatusContext"],"fullName":"ScriptStatusContext should update script status","status":"passed","title":"should update script status","duration":8.4515420000007,"failureMessages":[],"meta":{}},{"ancestorTitles":["ScriptStatusContext"],"fullName":"ScriptStatusContext should partially update script status","status":"passed","title":"should partially update script status","duration":4.599833000000217,"failureMessages":[],"meta":{}},{"ancestorTitles":["ScriptStatusContext"],"fullName":"ScriptStatusContext should clear script status","status":"passed","title":"should clear script status","duration":3.884749999999258,"failureMessages":[],"meta":{}},{"ancestorTitles":["ScriptStatusContext"],"fullName":"ScriptStatusContext should throw error when used outside provider","status":"passed","title":"should throw error when used outside provider","duration":6.01079099999879,"failureMessages":[],"meta":{}}],"startTime":1760837614849,"endTime":1760837614883.0107,"status":"passed","message":"","name":"/Volumes/HestAI-Projects/eav-ops/eav-apps/scripts-web/src/contexts/ScriptStatusContext.test.tsx"},{"assertionResults":[{"ancestorTitles":["DesktopRequired","Professional Mobile Fallback"],"fullName":"DesktopRequired Professional Mobile Fallback should render desktop required message","status":"passed","title":"should render desktop required message","duration":10.370833000008133,"failureMessages":[],"meta":{}},{"ancestorTitles":["DesktopRequired","Professional Mobile Fallback"],"fullName":"DesktopRequired Professional Mobile Fallback should explain why desktop is required","status":"passed","title":"should explain why desktop is required","duration":2.7607090000092285,"failureMessages":[],"meta":{}},{"ancestorTitles":["DesktopRequired","Professional Mobile Fallback"],"fullName":"DesktopRequired Professional Mobile Fallback should show access options","status":"passed","title":"should show access options","duration":2.1877499999973224,"failureMessages":[],"meta":{}},{"ancestorTitles":["DesktopRequired","Professional Mobile Fallback"],"fullName":"DesktopRequired Professional Mobile Fallback should have professional styling and layout","status":"passed","title":"should have professional styling and layout","duration":1.7652499999967404,"failureMessages":[],"meta":{}},{"ancestorTitles":["DesktopRequired","Professional Mobile Fallback"],"fullName":"DesktopRequired Professional Mobile Fallback should mention future mobile features","status":"passed","title":"should mention future mobile features","duration":2.185582999998587,"failureMessages":[],"meta":{}},{"ancestorTitles":["DesktopRequired","Professional Mobile Fallback"],"fullName":"DesktopRequired Professional Mobile Fallback should have professional footer message","status":"passed","title":"should have professional footer message","duration":2.09229200000118,"failureMessages":[],"meta":{}},{"ancestorTitles":["DesktopRequired","Accessibility"],"fullName":"DesktopRequired Accessibility should have proper heading hierarchy","status":"passed","title":"should have proper heading hierarchy","duration":9.879125000006752,"failureMessages":[],"meta":{}},{"ancestorTitles":["DesktopRequired","Accessibility"],"fullName":"DesktopRequired Accessibility should have descriptive content for screen readers","status":"passed","title":"should have descriptive content for screen readers","duration":1.9316249999974389,"failureMessages":[],"meta":{}}],"startTime":1760837711727,"endTime":1760837711760.9316,"status":"passed","message":"","name":"/Volumes/HestAI-Projects/eav-ops/eav-apps/scripts-web/src/components/DesktopRequired.test.tsx"},{"assertionResults":[{"ancestorTitles":["ErrorBoundary","Error Isolation"],"fullName":"ErrorBoundary Error Isolation should render children when no error occurs","status":"passed","title":"should render children when no error occurs","duration":11.231291999999485,"failureMessages":[],"meta":{}},{"ancestorTitles":["ErrorBoundary","Error Isolation"],"fullName":"ErrorBoundary Error Isolation should catch component errors and show fallback UI","status":"passed","title":"should catch component errors and show fallback UI","duration":27.17370800000026,"failureMessages":[],"meta":{}},{"ancestorTitles":["ErrorBoundary","Error Isolation"],"fullName":"ErrorBoundary Error Isolation should isolate errors to specific components without affecting siblings","status":"passed","title":"should isolate errors to specific components without affecting siblings","duration":13.138208000000304,"failureMessages":[],"meta":{}},{"ancestorTitles":["ErrorBoundary","Error Isolation"],"fullName":"ErrorBoundary Error Isolation should show retry button when error occurs","status":"passed","title":"should show retry button when error occurs","duration":31.650833999999122,"failureMessages":[],"meta":{}},{"ancestorTitles":["ErrorBoundary","Error Isolation"],"fullName":"ErrorBoundary Error Isolation should allow component to recover after retry","status":"passed","title":"should allow component to recover after retry","duration":20.89129099999991,"failureMessages":[],"meta":{}},{"ancestorTitles":["ErrorBoundary","Error Information"],"fullName":"ErrorBoundary Error Information should display error message to user","status":"passed","title":"should display error message to user","duration":3.2577500000006694,"failureMessages":[],"meta":{}},{"ancestorTitles":["ErrorBoundary","Error Information"],"fullName":"ErrorBoundary Error Information should show generic error message for security sensitive errors","status":"passed","title":"should show generic error message for security sensitive errors","duration":3.3357080000005226,"failureMessages":[],"meta":{}},{"ancestorTitles":["ErrorBoundary","Error Information"],"fullName":"ErrorBoundary Error Information should provide error reporting mechanism","status":"passed","title":"should provide error reporting mechanism","duration":2.9169580000007045,"failureMessages":[],"meta":{}},{"ancestorTitles":["ErrorBoundary","Development vs Production"],"fullName":"ErrorBoundary Development vs Production should show detailed error info in development mode","status":"passed","title":"should show detailed error info in development mode","duration":3.4277920000004087,"failureMessages":[],"meta":{}},{"ancestorTitles":["ErrorBoundary","Development vs Production"],"fullName":"ErrorBoundary Development vs Production should hide sensitive details in production mode","status":"passed","title":"should hide sensitive details in production mode","duration":3.341334000000643,"failureMessages":[],"meta":{}},{"ancestorTitles":["ErrorBoundary","Custom Fallback"],"fullName":"ErrorBoundary Custom Fallback should accept custom fallback component","status":"passed","title":"should accept custom fallback component","duration":1.100916999999754,"failureMessages":[],"meta":{}},{"ancestorTitles":["ErrorBoundary","Custom Fallback"],"fullName":"ErrorBoundary Custom Fallback should provide error info to custom fallback","status":"passed","title":"should provide error info to custom fallback","duration":11.67883299999994,"failureMessages":[],"meta":{}},{"ancestorTitles":["ErrorBoundary","Performance Impact"],"fullName":"ErrorBoundary Performance Impact should not impact performance when no errors occur","status":"passed","title":"should not impact performance when no errors occur","duration":0.919292000000496,"failureMessages":[],"meta":{}},{"ancestorTitles":["ErrorBoundary","Edge Cases"],"fullName":"ErrorBoundary Edge Cases should handle errors in error boundary itself gracefully","status":"passed","title":"should handle errors in error boundary itself gracefully","duration":2.1624579999997877,"failureMessages":[],"meta":{}},{"ancestorTitles":["ErrorBoundary","Edge Cases"],"fullName":"ErrorBoundary Edge Cases should handle null/undefined children","status":"passed","title":"should handle null/undefined children","duration":0.6173339999995733,"failureMessages":[],"meta":{}},{"ancestorTitles":["ErrorBoundary","Async Error Handling"],"fullName":"ErrorBoundary Async Error Handling should catch errors thrown in useEffect during initial mount","status":"passed","title":"should catch errors thrown in useEffect during initial mount","duration":3.5859159999999974,"failureMessages":[],"meta":{}},{"ancestorTitles":["ErrorBoundary","Clipboard Operations"],"fullName":"ErrorBoundary Clipboard Operations should display failure message when clipboard API rejects","status":"passed","title":"should display failure message when clipboard API rejects","duration":6.806292000000212,"failureMessages":[],"meta":{}},{"ancestorTitles":["ErrorBoundary","Clipboard Operations"],"fullName":"ErrorBoundary Clipboard Operations should handle browsers without clipboard API gracefully","status":"passed","title":"should handle browsers without clipboard API gracefully","duration":2.954374999999345,"failureMessages":[],"meta":{}},{"ancestorTitles":["ErrorBoundary","Clipboard Operations"],"fullName":"ErrorBoundary Clipboard Operations should show success message only when clipboard write succeeds","status":"passed","title":"should show success message only when clipboard write succeeds","duration":4.045583000000079,"failureMessages":[],"meta":{}}],"startTime":1760837612091,"endTime":1760837612246.0457,"status":"passed","message":"","name":"/Volumes/HestAI-Projects/eav-ops/eav-apps/scripts-web/src/components/ErrorBoundary.test.tsx"},{"assertionResults":[{"ancestorTitles":["Header"],"fullName":"Header should display user email when user is authenticated","status":"passed","title":"should display user email when user is authenticated","duration":12.28833300000042,"failureMessages":[],"meta":{}},{"ancestorTitles":["Header"],"fullName":"Header should display logout button when user is authenticated","status":"passed","title":"should display logout button when user is authenticated","duration":51.554417000001195,"failureMessages":[],"meta":{}},{"ancestorTitles":["Header"],"fullName":"Header should call logout function when logout button is clicked","status":"passed","title":"should call logout function when logout button is clicked","duration":23.092875000000276,"failureMessages":[],"meta":{}},{"ancestorTitles":["Header"],"fullName":"Header should have professional styling classes","status":"passed","title":"should have professional styling classes","duration":1.4380830000009155,"failureMessages":[],"meta":{}},{"ancestorTitles":["Header"],"fullName":"Header should display app title","status":"passed","title":"should display app title","duration":2.2113749999989523,"failureMessages":[],"meta":{}},{"ancestorTitles":["Header"],"fullName":"Header should display script status when provided","status":"passed","title":"should display script status when provided","duration":4.483165999999983,"failureMessages":[],"meta":{}},{"ancestorTitles":["Header"],"fullName":"Header should display different save status states","status":"passed","title":"should display different save status states","duration":6.271208000000115,"failureMessages":[],"meta":{}},{"ancestorTitles":["Header"],"fullName":"Header should not display script status when not provided","status":"passed","title":"should not display script status when not provided","duration":2.0712080000012065,"failureMessages":[],"meta":{}}],"startTime":1760837613120,"endTime":1760837613224.0713,"status":"passed","message":"","name":"/Volumes/HestAI-Projects/eav-ops/eav-apps/scripts-web/src/components/Header.test.tsx"},{"assertionResults":[{"ancestorTitles":["ScriptStatusIndicator"],"fullName":"ScriptStatusIndicator should render script status when provided","status":"passed","title":"should render script status when provided","duration":28.84400000000096,"failureMessages":[],"meta":{}},{"ancestorTitles":["ScriptStatusIndicator"],"fullName":"ScriptStatusIndicator should show no script message when no script provided","status":"passed","title":"should show no script message when no script provided","duration":1.737209000000803,"failureMessages":[],"meta":{}}],"startTime":1760837614479,"endTime":1760837614509.7373,"status":"passed","message":"","name":"/Volumes/HestAI-Projects/eav-ops/eav-apps/scripts-web/src/components/ScriptStatusIndicator.test.tsx"},{"assertionResults":[{"ancestorTitles":["TipTapEditor Comments - Phase 2.2 TDD","Text Selection Detection"],"fullName":"TipTapEditor Comments - Phase 2.2 TDD Text Selection Detection should detect when text is selected in the editor","status":"skipped","title":"should detect when text is selected in the editor","failureMessages":[],"meta":{}},{"ancestorTitles":["TipTapEditor Comments - Phase 2.2 TDD","Text Selection Detection"],"fullName":"TipTapEditor Comments - Phase 2.2 TDD Text Selection Detection should show comment popup when text is selected","status":"skipped","title":"should show comment popup when text is selected","failureMessages":[],"meta":{}},{"ancestorTitles":["TipTapEditor Comments - Phase 2.2 TDD","Text Selection Detection"],"fullName":"TipTapEditor Comments - Phase 2.2 TDD Text Selection Detection should hide comment popup when selection is cleared","status":"skipped","title":"should hide comment popup when selection is cleared","failureMessages":[],"meta":{}},{"ancestorTitles":["TipTapEditor Comments - Phase 2.2 TDD","Comment Highlight Extension"],"fullName":"TipTapEditor Comments - Phase 2.2 TDD Comment Highlight Extension should register CommentHighlightExtension with TipTap","status":"skipped","title":"should register CommentHighlightExtension with TipTap","failureMessages":[],"meta":{}},{"ancestorTitles":["TipTapEditor Comments - Phase 2.2 TDD","Comment Highlight Extension"],"fullName":"TipTapEditor Comments - Phase 2.2 TDD Comment Highlight Extension should apply comment highlight marks to selected text","status":"skipped","title":"should apply comment highlight marks to selected text","failureMessages":[],"meta":{}},{"ancestorTitles":["TipTapEditor Comments - Phase 2.2 TDD","Comment Position Tracking"],"fullName":"TipTapEditor Comments - Phase 2.2 TDD Comment Position Tracking should track character positions for comment anchoring","status":"skipped","title":"should track character positions for comment anchoring","failureMessages":[],"meta":{}},{"ancestorTitles":["TipTapEditor Comments - Phase 2.2 TDD","Comment Position Tracking"],"fullName":"TipTapEditor Comments - Phase 2.2 TDD Comment Position Tracking should calculate correct character positions for selections","status":"skipped","title":"should calculate correct character positions for selections","failureMessages":[],"meta":{}},{"ancestorTitles":["TipTapEditor Comments - Phase 2.2 TDD","Comment Data Integration"],"fullName":"TipTapEditor Comments - Phase 2.2 TDD Comment Data Integration should prepare comment data for Supabase insertion","status":"skipped","title":"should prepare comment data for Supabase insertion","failureMessages":[],"meta":{}},{"ancestorTitles":["TipTapEditor Comments - Phase 2.2 TDD","UI Integration Requirements"],"fullName":"TipTapEditor Comments - Phase 2.2 TDD UI Integration Requirements should not show comment UI on mobile devices","status":"skipped","title":"should not show comment UI on mobile devices","failureMessages":[],"meta":{}},{"ancestorTitles":["TipTapEditor Comments - Phase 2.2 TDD","UI Integration Requirements"],"fullName":"TipTapEditor Comments - Phase 2.2 TDD UI Integration Requirements should integrate with existing script auto-save functionality","status":"skipped","title":"should integrate with existing script auto-save functionality","failureMessages":[],"meta":{}}],"startTime":1760837604817,"endTime":1760837604817,"status":"passed","message":"","name":"/Volumes/HestAI-Projects/eav-ops/eav-apps/scripts-web/src/components/TipTapEditor.comments.test.tsx"},{"assertionResults":[{"ancestorTitles":["TipTapEditor Lifecycle Issues - FIXED","React State Update on Unmounted Component - FIXED"],"fullName":"TipTapEditor Lifecycle Issues - FIXED React State Update on Unmounted Component - FIXED should NOT update state after component unmounts (FIXED)","status":"passed","title":"should NOT update state after component unmounts (FIXED)","duration":251.08045800000036,"failureMessages":[],"meta":{}},{"ancestorTitles":["TipTapEditor Lifecycle Issues - FIXED","React State Update on Unmounted Component - FIXED"],"fullName":"TipTapEditor Lifecycle Issues - FIXED React State Update on Unmounted Component - FIXED should NOT trigger state updates in onCreate callback before mount completes (FIXED)","status":"passed","title":"should NOT trigger state updates in onCreate callback before mount completes (FIXED)","duration":5.260124999999789,"failureMessages":[],"meta":{}},{"ancestorTitles":["TipTapEditor Lifecycle Issues - FIXED","Forced Reflow Performance Issues - FIXED"],"fullName":"TipTapEditor Lifecycle Issues - FIXED Forced Reflow Performance Issues - FIXED should NOT cause forced reflow for client users (FIXED)","status":"passed","title":"should NOT cause forced reflow for client users (FIXED)","duration":4.650291999999354,"failureMessages":[],"meta":{}},{"ancestorTitles":["TipTapEditor Lifecycle Issues - FIXED","Component Cleanup - FIXED"],"fullName":"TipTapEditor Lifecycle Issues - FIXED Component Cleanup - FIXED should properly clean up editor instance on unmount (FIXED)","status":"passed","title":"should properly clean up editor instance on unmount (FIXED)","duration":2.4040829999994457,"failureMessages":[],"meta":{}},{"ancestorTitles":["TipTapEditor Lifecycle Issues - FIXED","Component Cleanup - FIXED"],"fullName":"TipTapEditor Lifecycle Issues - FIXED Component Cleanup - FIXED should cancel pending async operations on unmount (FIXED)","status":"passed","title":"should cancel pending async operations on unmount (FIXED)","duration":5.493457999999919,"failureMessages":[],"meta":{}},{"ancestorTitles":["TipTapEditor Lifecycle Issues - FIXED","Mount Tracking useEffect Dependency - FIXED"],"fullName":"TipTapEditor Lifecycle Issues - FIXED Mount Tracking useEffect Dependency - FIXED should verify mount tracking useEffect has empty dependency array","status":"passed","title":"should verify mount tracking useEffect has empty dependency array","duration":0.974250000000211,"failureMessages":[],"meta":{}}],"startTime":1760837611438,"endTime":1760837611708.9744,"status":"passed","message":"","name":"/Volumes/HestAI-Projects/eav-ops/eav-apps/scripts-web/src/components/TipTapEditor.lifecycle.test.tsx"},{"assertionResults":[{"ancestorTitles":["TipTap Paste Handler - <br> Tag Preservation"],"fullName":"TipTap Paste Handler - <br> Tag Preservation sanitizes Google Docs HTML but preserves safe <br> tags","status":"passed","title":"sanitizes Google Docs HTML but preserves safe <br> tags","duration":9.620875000000524,"failureMessages":[],"meta":{}},{"ancestorTitles":["TipTap Paste Handler - <br> Tag Preservation"],"fullName":"TipTap Paste Handler - <br> Tag Preservation sanitization modifies HTML but result is still valid","status":"passed","title":"sanitization modifies HTML but result is still valid","duration":2.5491669999992155,"failureMessages":[],"meta":{}},{"ancestorTitles":["TipTap Paste Handler - <br> Tag Preservation"],"fullName":"TipTap Paste Handler - <br> Tag Preservation sanitization changes do NOT mean content is dangerous","status":"passed","title":"sanitization changes do NOT mean content is dangerous","duration":2.0259169999990263,"failureMessages":[],"meta":{}},{"ancestorTitles":["TipTap Paste Handler - <br> Tag Preservation"],"fullName":"TipTap Paste Handler - <br> Tag Preservation empty or whitespace-only sanitized result should fallback to plain text","status":"passed","title":"empty or whitespace-only sanitized result should fallback to plain text","duration":0.8250830000015412,"failureMessages":[],"meta":{}},{"ancestorTitles":["TipTap Paste Handler - <br> Tag Preservation"],"fullName":"TipTap Paste Handler - <br> Tag Preservation large paste content should be limited to prevent UI freeze","status":"passed","title":"large paste content should be limited to prevent UI freeze","duration":0.15187499999956344,"failureMessages":[],"meta":{}},{"ancestorTitles":["TipTap Paste Handler - Multi-Paragraph Component Extraction (TDD RED)"],"fullName":"TipTap Paste Handler - Multi-Paragraph Component Extraction (TDD RED) [RED] should split multi-paragraph Google Docs paste into separate paragraph nodes immediately","status":"skipped","title":"[RED] should split multi-paragraph Google Docs paste into separate paragraph nodes immediately","failureMessages":[],"meta":{}},{"ancestorTitles":["TipTap Paste Handler - Multi-Paragraph Component Extraction (TDD RED)"],"fullName":"TipTap Paste Handler - Multi-Paragraph Component Extraction (TDD RED) [RED] should create separate components (C1, C2, C3) from multi-paragraph paste","status":"skipped","title":"[RED] should create separate components (C1, C2, C3) from multi-paragraph paste","failureMessages":[],"meta":{}},{"ancestorTitles":["TipTap Paste Handler - Multi-Paragraph Component Extraction (TDD RED)"],"fullName":"TipTap Paste Handler - Multi-Paragraph Component Extraction (TDD RED) [RED] should preserve component structure after editing middle component","status":"skipped","title":"[RED] should preserve component structure after editing middle component","failureMessages":[],"meta":{}},{"ancestorTitles":["TipTap Paste Handler - Multi-Paragraph Component Extraction (TDD RED)"],"fullName":"TipTap Paste Handler - Multi-Paragraph Component Extraction (TDD RED) [RED] should handle Google Docs paste with double newlines \\n\\n between paragraphs","status":"skipped","title":"[RED] should handle Google Docs paste with double newlines \\n\\n between paragraphs","failureMessages":[],"meta":{}},{"ancestorTitles":["TipTap Paste Handler - Multi-Paragraph Component Extraction (TDD RED)"],"fullName":"TipTap Paste Handler - Multi-Paragraph Component Extraction (TDD RED) [RED] should preserve component identity through multiple edits","status":"skipped","title":"[RED] should preserve component identity through multiple edits","failureMessages":[],"meta":{}},{"ancestorTitles":["TipTap Paste Handler - Multi-Paragraph Component Extraction (TDD RED)"],"fullName":"TipTap Paste Handler - Multi-Paragraph Component Extraction (TDD RED) [RED] should not merge adjacent components when editing between them","status":"skipped","title":"[RED] should not merge adjacent components when editing between them","failureMessages":[],"meta":{}},{"ancestorTitles":["TipTap Paste Handler - Spacing Behavior (No Extra Empty Lines)"],"fullName":"TipTap Paste Handler - Spacing Behavior (No Extra Empty Lines) should NOT create empty paragraphs between content paragraphs","status":"skipped","title":"should NOT create empty paragraphs between content paragraphs","failureMessages":[],"meta":{}},{"ancestorTitles":["TipTap Paste Handler - Spacing Behavior (No Extra Empty Lines)"],"fullName":"TipTap Paste Handler - Spacing Behavior (No Extra Empty Lines) should extract only content components (no empty components)","status":"passed","title":"should extract only content components (no empty components)","duration":19.545875000001615,"failureMessages":[],"meta":{}},{"ancestorTitles":["TipTap Paste Handler - Spacing Behavior (No Extra Empty Lines)"],"fullName":"TipTap Paste Handler - Spacing Behavior (No Extra Empty Lines) should match main branch spacing behavior (no extra lines)","status":"passed","title":"should match main branch spacing behavior (no extra lines)","duration":6.153374999999869,"failureMessages":[],"meta":{}},{"ancestorTitles":["TipTap Paste Handler - Spacing Behavior (No Extra Empty Lines)"],"fullName":"TipTap Paste Handler - Spacing Behavior (No Extra Empty Lines) should preserve content paragraph structure without whitespace artifacts","status":"passed","title":"should preserve content paragraph structure without whitespace artifacts","duration":4.067250000000058,"failureMessages":[],"meta":{}},{"ancestorTitles":["TipTap Paste Handler - Spacing Behavior (No Extra Empty Lines)"],"fullName":"TipTap Paste Handler - Spacing Behavior (No Extra Empty Lines) should filter Google Docs &nbsp; paragraphs (ACTUAL ISSUE)","status":"passed","title":"should filter Google Docs &nbsp; paragraphs (ACTUAL ISSUE)","duration":3.957249999999476,"failureMessages":[],"meta":{}}],"startTime":1760837614246,"endTime":1760837614294.9573,"status":"passed","message":"","name":"/Volumes/HestAI-Projects/eav-ops/eav-apps/scripts-web/src/components/TipTapEditor.paste-handler.test.tsx"},{"assertionResults":[{"ancestorTitles":["TipTapEditor - Script Status Selector (TDD REFACTOR Phase)","[RED] Status Dropdown - Rendering"],"fullName":"TipTapEditor - Script Status Selector (TDD REFACTOR Phase) [RED] Status Dropdown - Rendering should render status dropdown in editor header","status":"skipped","title":"should render status dropdown in editor header","failureMessages":[],"meta":{}},{"ancestorTitles":["TipTapEditor - Script Status Selector (TDD REFACTOR Phase)","[RED] Status Dropdown - Rendering"],"fullName":"TipTapEditor - Script Status Selector (TDD REFACTOR Phase) [RED] Status Dropdown - Rendering should display current script status in dropdown","status":"skipped","title":"should display current script status in dropdown","failureMessages":[],"meta":{}},{"ancestorTitles":["TipTapEditor - Script Status Selector (TDD REFACTOR Phase)","[RED] Status Dropdown - Rendering"],"fullName":"TipTapEditor - Script Status Selector (TDD REFACTOR Phase) [RED] Status Dropdown - Rendering should show all four status options in dropdown","status":"skipped","title":"should show all four status options in dropdown","failureMessages":[],"meta":{}},{"ancestorTitles":["TipTapEditor - Script Status Selector (TDD REFACTOR Phase)","[RED] Status Change - User Interaction"],"fullName":"TipTapEditor - Script Status Selector (TDD REFACTOR Phase) [RED] Status Change - User Interaction should allow user to change status from draft to in_review","status":"skipped","title":"should allow user to change status from draft to in_review","failureMessages":[],"meta":{}},{"ancestorTitles":["TipTapEditor - Script Status Selector (TDD REFACTOR Phase)","[RED] Status Change - User Interaction"],"fullName":"TipTapEditor - Script Status Selector (TDD REFACTOR Phase) [RED] Status Change - User Interaction should call updateScript with new status on change","status":"skipped","title":"should call updateScript with new status on change","failureMessages":[],"meta":{}},{"ancestorTitles":["TipTapEditor - Script Status Selector (TDD REFACTOR Phase)","[RED] Optimistic UI Updates"],"fullName":"TipTapEditor - Script Status Selector (TDD REFACTOR Phase) [RED] Optimistic UI Updates should update status immediately in UI (optimistic)","status":"skipped","title":"should update status immediately in UI (optimistic)","failureMessages":[],"meta":{}},{"ancestorTitles":["TipTapEditor - Script Status Selector (TDD REFACTOR Phase)","[RED] Optimistic UI Updates"],"fullName":"TipTapEditor - Script Status Selector (TDD REFACTOR Phase) [RED] Optimistic UI Updates should rollback status on API failure","status":"skipped","title":"should rollback status on API failure","failureMessages":[],"meta":{}},{"ancestorTitles":["TipTapEditor - Script Status Selector (TDD REFACTOR Phase)","[RED] Database Persistence"],"fullName":"TipTapEditor - Script Status Selector (TDD REFACTOR Phase) [RED] Database Persistence should persist status changes to database","status":"skipped","title":"should persist status changes to database","failureMessages":[],"meta":{}},{"ancestorTitles":["TipTapEditor - Script Status Selector (TDD REFACTOR Phase)","[RED] Database Persistence"],"fullName":"TipTapEditor - Script Status Selector (TDD REFACTOR Phase) [RED] Database Persistence should debounce multiple rapid status changes","status":"skipped","title":"should debounce multiple rapid status changes","failureMessages":[],"meta":{}},{"ancestorTitles":["TipTapEditor - Script Status Selector (TDD REFACTOR Phase)","[RED] Access Control"],"fullName":"TipTapEditor - Script Status Selector (TDD REFACTOR Phase) [RED] Access Control should allow all authenticated users to change status","status":"skipped","title":"should allow all authenticated users to change status","failureMessages":[],"meta":{}}],"startTime":1760837604817,"endTime":1760837604817,"status":"passed","message":"","name":"/Volumes/HestAI-Projects/eav-ops/eav-apps/scripts-web/src/components/TipTapEditor.script-status.test.tsx"},{"assertionResults":[{"ancestorTitles":["TipTap Editor XSS Protection","HTML Sanitization"],"fullName":"TipTap Editor XSS Protection HTML Sanitization should sanitize dangerous script tags from content","status":"passed","title":"should sanitize dangerous script tags from content","duration":4.711583000000246,"failureMessages":[],"meta":{}},{"ancestorTitles":["TipTap Editor XSS Protection","HTML Sanitization"],"fullName":"TipTap Editor XSS Protection HTML Sanitization should sanitize inline event handlers","status":"passed","title":"should sanitize inline event handlers","duration":1.3308340000003227,"failureMessages":[],"meta":{}},{"ancestorTitles":["TipTap Editor XSS Protection","HTML Sanitization"],"fullName":"TipTap Editor XSS Protection HTML Sanitization should sanitize iframe injections","status":"passed","title":"should sanitize iframe injections","duration":1.331666000000041,"failureMessages":[],"meta":{}},{"ancestorTitles":["TipTap Editor XSS Protection","HTML Sanitization"],"fullName":"TipTap Editor XSS Protection HTML Sanitization should preserve safe HTML formatting","status":"passed","title":"should preserve safe HTML formatting","duration":1.4859999999989668,"failureMessages":[],"meta":{}},{"ancestorTitles":["TipTap Editor XSS Protection","HTML Sanitization"],"fullName":"TipTap Editor XSS Protection HTML Sanitization should allow safe class attributes but remove dangerous ones","status":"passed","title":"should allow safe class attributes but remove dangerous ones","duration":0.8989590000001044,"failureMessages":[],"meta":{}},{"ancestorTitles":["TipTap Editor XSS Protection","Component Integration"],"fullName":"TipTap Editor XSS Protection Component Integration should render TipTap editor without XSS vulnerabilities","status":"passed","title":"should render TipTap editor without XSS vulnerabilities","duration":31.718791000001147,"failureMessages":[],"meta":{}},{"ancestorTitles":["TipTap Editor XSS Protection","Component Integration"],"fullName":"TipTap Editor XSS Protection Component Integration should prevent XSS through plain text replacement vulnerability","status":"passed","title":"should prevent XSS through plain text replacement vulnerability","duration":1.238374999998996,"failureMessages":[],"meta":{}},{"ancestorTitles":["TipTap Editor XSS Protection","Edge Cases"],"fullName":"TipTap Editor XSS Protection Edge Cases should handle empty content safely","status":"passed","title":"should handle empty content safely","duration":0.6497920000001614,"failureMessages":[],"meta":{}},{"ancestorTitles":["TipTap Editor XSS Protection","Edge Cases"],"fullName":"TipTap Editor XSS Protection Edge Cases should handle malformed HTML without breaking","status":"passed","title":"should handle malformed HTML without breaking","duration":0.9614579999997659,"failureMessages":[],"meta":{}},{"ancestorTitles":["TipTap Editor XSS Protection","Edge Cases"],"fullName":"TipTap Editor XSS Protection Edge Cases should handle unicode and special characters safely","status":"passed","title":"should handle unicode and special characters safely","duration":1.9008329999996931,"failureMessages":[],"meta":{}},{"ancestorTitles":["TipTap Editor XSS Protection","Edge Cases"],"fullName":"TipTap Editor XSS Protection Edge Cases should sanitize deeply nested XSS attempts","status":"passed","title":"should sanitize deeply nested XSS attempts","duration":0.6500419999993028,"failureMessages":[],"meta":{}},{"ancestorTitles":["TipTap Editor XSS Protection","Performance"],"fullName":"TipTap Editor XSS Protection Performance should handle large content without significant performance degradation","status":"passed","title":"should handle large content without significant performance degradation","duration":8.115499999999884,"failureMessages":[],"meta":{}}],"startTime":1760837614080,"endTime":1760837614135.1155,"status":"passed","message":"","name":"/Volumes/HestAI-Projects/eav-ops/eav-apps/scripts-web/src/components/TipTapEditor.security.test.tsx"},{"assertionResults":[{"ancestorTitles":["TipTapEditor with Navigation"],"fullName":"TipTapEditor with Navigation should render with navigation integration","status":"passed","title":"should render with navigation integration","duration":19.639374999998836,"failureMessages":[],"meta":{}},{"ancestorTitles":["TipTapEditor with Navigation"],"fullName":"TipTapEditor with Navigation should show \"Select a video to edit\" when no video selected","status":"passed","title":"should show \"Select a video to edit\" when no video selected","duration":5.73187500000131,"failureMessages":[],"meta":{}}],"startTime":1760837615293,"endTime":1760837615318.732,"status":"passed","message":"","name":"/Volumes/HestAI-Projects/eav-ops/eav-apps/scripts-web/src/components/TipTapEditor.test.tsx"},{"assertionResults":[{"ancestorTitles":["useCommentPositionSync"],"fullName":"useCommentPositionSync should debounce updates with 500ms default delay","status":"passed","title":"should debounce updates with 500ms default delay","duration":7.784042000001136,"failureMessages":[],"meta":{}},{"ancestorTitles":["useCommentPositionSync"],"fullName":"useCommentPositionSync should reset debounce timer on rapid updates","status":"passed","title":"should reset debounce timer on rapid updates","duration":1.433999999999287,"failureMessages":[],"meta":{}},{"ancestorTitles":["useCommentPositionSync"],"fullName":"useCommentPositionSync should handle empty highlights array","status":"passed","title":"should handle empty highlights array","duration":1.071749999999156,"failureMessages":[],"meta":{}},{"ancestorTitles":["useCommentPositionSync"],"fullName":"useCommentPositionSync should support custom debounce delay","status":"passed","title":"should support custom debounce delay","duration":0.8337919999994483,"failureMessages":[],"meta":{}},{"ancestorTitles":["useCommentPositionSync"],"fullName":"useCommentPositionSync should handle multiple highlights in single update","status":"passed","title":"should handle multiple highlights in single update","duration":1.6677499999987049,"failureMessages":[],"meta":{}},{"ancestorTitles":["useCommentPositionSync"],"fullName":"useCommentPositionSync should work without onUpdate callback","status":"passed","title":"should work without onUpdate callback","duration":0.9578750000000582,"failureMessages":[],"meta":{}}],"startTime":1760837616675,"endTime":1760837616688.9578,"status":"passed","message":"","name":"/Volumes/HestAI-Projects/eav-ops/eav-apps/scripts-web/src/hooks/useCommentPositionSync.test.ts"},{"assertionResults":[{"ancestorTitles":["usePermissions","Unauthenticated Users"],"fullName":"usePermissions Unauthenticated Users should deny all permissions when user is not authenticated","status":"passed","title":"should deny all permissions when user is not authenticated","duration":5.782583000000159,"failureMessages":[],"meta":{}},{"ancestorTitles":["usePermissions","Client Users (Read-Only + Comment)"],"fullName":"usePermissions Client Users (Read-Only + Comment) should deny script editing permission for clients","status":"passed","title":"should deny script editing permission for clients","duration":0.9111659999998665,"failureMessages":[],"meta":{}},{"ancestorTitles":["usePermissions","Client Users (Read-Only + Comment)"],"fullName":"usePermissions Client Users (Read-Only + Comment) should allow commenting for clients","status":"passed","title":"should allow commenting for clients","duration":0.8257090000006428,"failureMessages":[],"meta":{}},{"ancestorTitles":["usePermissions","Client Users (Read-Only + Comment)"],"fullName":"usePermissions Client Users (Read-Only + Comment) should deny workflow status changes for clients","status":"passed","title":"should deny workflow status changes for clients","duration":0.5878329999995913,"failureMessages":[],"meta":{}},{"ancestorTitles":["usePermissions","Client Users (Read-Only + Comment)"],"fullName":"usePermissions Client Users (Read-Only + Comment) should allow comment management for clients (own comments)","status":"passed","title":"should allow comment management for clients (own comments)","duration":1.1621670000004087,"failureMessages":[],"meta":{}},{"ancestorTitles":["usePermissions","Employee Users (Internal)"],"fullName":"usePermissions Employee Users (Internal) should allow script editing for employees","status":"passed","title":"should allow script editing for employees","duration":0.6440000000002328,"failureMessages":[],"meta":{}},{"ancestorTitles":["usePermissions","Employee Users (Internal)"],"fullName":"usePermissions Employee Users (Internal) should allow commenting for employees","status":"passed","title":"should allow commenting for employees","duration":0.47758299999986775,"failureMessages":[],"meta":{}},{"ancestorTitles":["usePermissions","Employee Users (Internal)"],"fullName":"usePermissions Employee Users (Internal) should allow workflow status changes for employees","status":"passed","title":"should allow workflow status changes for employees","duration":0.4023329999999987,"failureMessages":[],"meta":{}},{"ancestorTitles":["usePermissions","Employee Users (Internal)"],"fullName":"usePermissions Employee Users (Internal) should allow comment management for employees","status":"passed","title":"should allow comment management for employees","duration":1.1166250000005675,"failureMessages":[],"meta":{}},{"ancestorTitles":["usePermissions","Admin Users (Internal)"],"fullName":"usePermissions Admin Users (Internal) should allow script editing for admins","status":"passed","title":"should allow script editing for admins","duration":0.4619590000002063,"failureMessages":[],"meta":{}},{"ancestorTitles":["usePermissions","Admin Users (Internal)"],"fullName":"usePermissions Admin Users (Internal) should allow commenting for admins","status":"passed","title":"should allow commenting for admins","duration":0.42300000000068394,"failureMessages":[],"meta":{}},{"ancestorTitles":["usePermissions","Admin Users (Internal)"],"fullName":"usePermissions Admin Users (Internal) should allow workflow status changes for admins","status":"passed","title":"should allow workflow status changes for admins","duration":0.3217090000016469,"failureMessages":[],"meta":{}},{"ancestorTitles":["usePermissions","Admin Users (Internal)"],"fullName":"usePermissions Admin Users (Internal) should allow comment management for admins","status":"passed","title":"should allow comment management for admins","duration":0.31391700000131095,"failureMessages":[],"meta":{}},{"ancestorTitles":["usePermissions","Permission Model Invariants"],"fullName":"usePermissions Permission Model Invariants should return consistent permission object structure regardless of role","status":"passed","title":"should return consistent permission object structure regardless of role","duration":1.3618750000005093,"failureMessages":[],"meta":{}}],"startTime":1760837616104,"endTime":1760837616119.3618,"status":"passed","message":"","name":"/Volumes/HestAI-Projects/eav-ops/eav-apps/scripts-web/src/hooks/usePermissions.test.ts"},{"assertionResults":[{"ancestorTitles":["Comment Position Fix - Expected Behavior","Call Site Requirements"],"fullName":"Comment Position Fix - Expected Behavior Call Site Requirements TipTapEditor should call getComments WITHOUT documentContent","status":"passed","title":"TipTapEditor should call getComments WITHOUT documentContent","duration":0.5589159999999538,"failureMessages":[],"meta":{}},{"ancestorTitles":["Comment Position Fix - Expected Behavior","Call Site Requirements"],"fullName":"Comment Position Fix - Expected Behavior Call Site Requirements CommentSidebar should call getComments WITHOUT documentContent","status":"passed","title":"CommentSidebar should call getComments WITHOUT documentContent","duration":0.11791700000139826,"failureMessages":[],"meta":{}},{"ancestorTitles":["Comment Position Fix - Expected Behavior","Position Behavior After Fix"],"fullName":"Comment Position Fix - Expected Behavior Position Behavior After Fix stored PM positions should never be modified by recovery","status":"passed","title":"stored PM positions should never be modified by recovery","duration":0.05695899999955145,"failureMessages":[],"meta":{}},{"ancestorTitles":["Comment Position Fix - Expected Behavior","Position Behavior After Fix"],"fullName":"Comment Position Fix - Expected Behavior Position Behavior After Fix page reload should preserve exact highlight positions","status":"passed","title":"page reload should preserve exact highlight positions","duration":0.09087499999986903,"failureMessages":[],"meta":{}},{"ancestorTitles":["Position Recovery Integration"],"fullName":"Position Recovery Integration recovery should ONLY run when documentContent is explicitly provided","status":"passed","title":"recovery should ONLY run when documentContent is explicitly provided","duration":0.050000000001091394,"failureMessages":[],"meta":{}}],"startTime":1760837618396,"endTime":1760837618397.118,"status":"passed","message":"","name":"/Volumes/HestAI-Projects/eav-ops/eav-apps/scripts-web/src/lib/comments-position-fix.test.ts"},{"assertionResults":[{"ancestorTitles":["Position Recovery - Fresh Comment Detection (Bug Fix)"],"fullName":"Position Recovery - Fresh Comment Detection (Bug Fix) should skip position recovery for comments < 10 seconds old","status":"passed","title":"should skip position recovery for comments < 10 seconds old","duration":0.601875000000291,"failureMessages":[],"meta":{}},{"ancestorTitles":["Position Recovery - Fresh Comment Detection (Bug Fix)"],"fullName":"Position Recovery - Fresh Comment Detection (Bug Fix) should run position recovery for comments >= 10 seconds old","status":"passed","title":"should run position recovery for comments >= 10 seconds old","duration":0.2494169999990845,"failureMessages":[],"meta":{}},{"ancestorTitles":["Position Recovery - Fresh Comment Detection (Bug Fix)"],"fullName":"Position Recovery - Fresh Comment Detection (Bug Fix) should handle missing created_at field gracefully","status":"passed","title":"should handle missing created_at field gracefully","duration":0.10166700000081619,"failureMessages":[],"meta":{}},{"ancestorTitles":["Position Recovery - Text Matching","findTextInDocument"],"fullName":"Position Recovery - Text Matching findTextInDocument should find exact text match and return new position","status":"passed","title":"should find exact text match and return new position","duration":0.2498329999998532,"failureMessages":[],"meta":{}},{"ancestorTitles":["Position Recovery - Text Matching","findTextInDocument"],"fullName":"Position Recovery - Text Matching findTextInDocument should return null when text is not found","status":"passed","title":"should return null when text is not found","duration":3.2402920000004087,"failureMessages":[],"meta":{}},{"ancestorTitles":["Position Recovery - Text Matching","findTextInDocument"],"fullName":"Position Recovery - Text Matching findTextInDocument should find closest match when multiple occurrences exist","status":"passed","title":"should find closest match when multiple occurrences exist","duration":0.13279099999999744,"failureMessages":[],"meta":{}},{"ancestorTitles":["Position Recovery - Text Matching","findTextInDocument"],"fullName":"Position Recovery - Text Matching findTextInDocument should handle case-insensitive matching with warning","status":"passed","title":"should handle case-insensitive matching with warning","duration":0.05912499999976717,"failureMessages":[],"meta":{}},{"ancestorTitles":["Position Recovery - Text Matching","findTextInDocument"],"fullName":"Position Recovery - Text Matching findTextInDocument should handle partial matches with fuzzy matching","status":"passed","title":"should handle partial matches with fuzzy matching","duration":0.20554100000117614,"failureMessages":[],"meta":{}},{"ancestorTitles":["Position Recovery - Text Matching","findTextInDocument"],"fullName":"Position Recovery - Text Matching findTextInDocument should return null for very short text (< 3 chars)","status":"passed","title":"should return null for very short text (< 3 chars)","duration":0.1242500000007567,"failureMessages":[],"meta":{}},{"ancestorTitles":["Position Recovery - Text Matching","calculateMatchQuality"],"fullName":"Position Recovery - Text Matching calculateMatchQuality should return \"exact\" for identical strings","status":"passed","title":"should return \"exact\" for identical strings","duration":0.06941700000061246,"failureMessages":[],"meta":{}},{"ancestorTitles":["Position Recovery - Text Matching","calculateMatchQuality"],"fullName":"Position Recovery - Text Matching calculateMatchQuality should return \"case-insensitive\" for same text different case","status":"passed","title":"should return \"case-insensitive\" for same text different case","duration":0.040582999999969616,"failureMessages":[],"meta":{}},{"ancestorTitles":["Position Recovery - Text Matching","calculateMatchQuality"],"fullName":"Position Recovery - Text Matching calculateMatchQuality should return \"fuzzy\" for similar but not identical strings","status":"passed","title":"should return \"fuzzy\" for similar but not identical strings","duration":0.037207999999736785,"failureMessages":[],"meta":{}},{"ancestorTitles":["Position Recovery - Text Matching","calculateMatchQuality"],"fullName":"Position Recovery - Text Matching calculateMatchQuality should return \"poor\" for moderately different strings","status":"passed","title":"should return \"poor\" for moderately different strings","duration":0.036458000000493485,"failureMessages":[],"meta":{}},{"ancestorTitles":["Position Recovery - Text Matching","calculateMatchQuality"],"fullName":"Position Recovery - Text Matching calculateMatchQuality should return \"none\" for very different strings","status":"passed","title":"should return \"none\" for very different strings","duration":0.03483400000004622,"failureMessages":[],"meta":{}},{"ancestorTitles":["Position Recovery - Text Matching","recoverCommentPosition"],"fullName":"Position Recovery - Text Matching recoverCommentPosition should successfully relocate comment when text matches","status":"passed","title":"should successfully relocate comment when text matches","duration":0.058791999999812106,"failureMessages":[],"meta":{}},{"ancestorTitles":["Position Recovery - Text Matching","recoverCommentPosition"],"fullName":"Position Recovery - Text Matching recoverCommentPosition should mark comment as orphaned when text is deleted","status":"passed","title":"should mark comment as orphaned when text is deleted","duration":0.08504100000027393,"failureMessages":[],"meta":{}},{"ancestorTitles":["Position Recovery - Text Matching","recoverCommentPosition"],"fullName":"Position Recovery - Text Matching recoverCommentPosition should mark as uncertain for fuzzy matches","status":"passed","title":"should mark as uncertain for fuzzy matches","duration":0.13745899999958056,"failureMessages":[],"meta":{}},{"ancestorTitles":["Position Recovery - Text Matching","recoverCommentPosition"],"fullName":"Position Recovery - Text Matching recoverCommentPosition should fall back to original position for backward compatibility","status":"passed","title":"should fall back to original position for backward compatibility","duration":0.04591699999946286,"failureMessages":[],"meta":{}},{"ancestorTitles":["Position Recovery - Text Matching","recoverCommentPosition"],"fullName":"Position Recovery - Text Matching recoverCommentPosition should handle position out of document bounds","status":"passed","title":"should handle position out of document bounds","duration":0.06770899999901303,"failureMessages":[],"meta":{}},{"ancestorTitles":["Position Recovery - Text Matching","Integration: Document Changes Scenarios"],"fullName":"Position Recovery - Text Matching Integration: Document Changes Scenarios should handle text insertion before comment","status":"passed","title":"should handle text insertion before comment","duration":0.07799999999951979,"failureMessages":[],"meta":{}},{"ancestorTitles":["Position Recovery - Text Matching","Integration: Document Changes Scenarios"],"fullName":"Position Recovery - Text Matching Integration: Document Changes Scenarios should handle text deletion before comment","status":"passed","title":"should handle text deletion before comment","duration":0.06254200000148558,"failureMessages":[],"meta":{}},{"ancestorTitles":["Position Recovery - Text Matching","Integration: Document Changes Scenarios"],"fullName":"Position Recovery - Text Matching Integration: Document Changes Scenarios should handle multiple comments after content changes","status":"passed","title":"should handle multiple comments after content changes","duration":0.12241700000049605,"failureMessages":[],"meta":{}},{"ancestorTitles":["Position Recovery - Text Matching","Performance: Large Document Handling"],"fullName":"Position Recovery - Text Matching Performance: Large Document Handling should handle 100+ comments efficiently","status":"passed","title":"should handle 100+ comments efficiently","duration":4.8075000000008,"failureMessages":[],"meta":{}}],"startTime":1760837616848,"endTime":1760837616858.8076,"status":"passed","message":"","name":"/Volumes/HestAI-Projects/eav-ops/eav-apps/scripts-web/src/lib/comments-position-recovery.test.ts"},{"assertionResults":[{"ancestorTitles":["RLS Performance Optimization - TDD Phase","New Security Model - user_accessible_scripts View"],"fullName":"RLS Performance Optimization - TDD Phase New Security Model - user_accessible_scripts View should have user_accessible_scripts view (WILL FAIL - not implemented)","status":"skipped","title":"should have user_accessible_scripts view (WILL FAIL - not implemented)","failureMessages":[],"meta":{}},{"ancestorTitles":["RLS Performance Optimization - TDD Phase","New Security Model - user_accessible_scripts View"],"fullName":"RLS Performance Optimization - TDD Phase New Security Model - user_accessible_scripts View admin should see all scripts in user_accessible_scripts view","status":"skipped","title":"admin should see all scripts in user_accessible_scripts view","failureMessages":[],"meta":{}},{"ancestorTitles":["RLS Performance Optimization - TDD Phase","New Security Model - user_accessible_scripts View"],"fullName":"RLS Performance Optimization - TDD Phase New Security Model - user_accessible_scripts View client should see only assigned scripts in view","status":"skipped","title":"client should see only assigned scripts in view","failureMessages":[],"meta":{}},{"ancestorTitles":["RLS Performance Optimization - TDD Phase","New Security Model - user_accessible_scripts View"],"fullName":"RLS Performance Optimization - TDD Phase New Security Model - user_accessible_scripts View unauthorized user should see no scripts in view","status":"skipped","title":"unauthorized user should see no scripts in view","failureMessages":[],"meta":{}},{"ancestorTitles":["RLS Performance Optimization - TDD Phase","Optimized RLS Policies - Single JOIN"],"fullName":"RLS Performance Optimization - TDD Phase Optimized RLS Policies - Single JOIN should use single JOIN to user_accessible_scripts (WILL FAIL - not implemented - SKIPPED future optimization)","status":"skipped","title":"should use single JOIN to user_accessible_scripts (WILL FAIL - not implemented - SKIPPED future optimization)","failureMessages":[],"meta":{}},{"ancestorTitles":["RLS Performance Optimization - TDD Phase","Optimized RLS Policies - Single JOIN"],"fullName":"RLS Performance Optimization - TDD Phase Optimized RLS Policies - Single JOIN should maintain security boundaries with optimized policies","status":"skipped","title":"should maintain security boundaries with optimized policies","failureMessages":[],"meta":{}},{"ancestorTitles":["RLS Performance Optimization - TDD Phase","Performance Benchmark - Before vs After"],"fullName":"RLS Performance Optimization - TDD Phase Performance Benchmark - Before vs After should achieve 30%+ performance improvement with optimized RLS","status":"skipped","title":"should achieve 30%+ performance improvement with optimized RLS","failureMessages":[],"meta":{}},{"ancestorTitles":["RLS Performance Optimization - TDD Phase","Performance Benchmark - Before vs After"],"fullName":"RLS Performance Optimization - TDD Phase Performance Benchmark - Before vs After should maintain performance improvement under load (50 comments)","status":"skipped","title":"should maintain performance improvement under load (50 comments)","failureMessages":[],"meta":{}},{"ancestorTitles":["RLS Performance Optimization - TDD Phase","INSERT/UPDATE/DELETE Performance"],"fullName":"RLS Performance Optimization - TDD Phase INSERT/UPDATE/DELETE Performance should optimize INSERT operations with simplified policy","status":"skipped","title":"should optimize INSERT operations with simplified policy","failureMessages":[],"meta":{}},{"ancestorTitles":["RLS Performance Optimization - TDD Phase","INSERT/UPDATE/DELETE Performance"],"fullName":"RLS Performance Optimization - TDD Phase INSERT/UPDATE/DELETE Performance should optimize UPDATE operations with simplified policy","status":"skipped","title":"should optimize UPDATE operations with simplified policy","failureMessages":[],"meta":{}},{"ancestorTitles":["RLS Performance Optimization - TDD Phase","INSERT/UPDATE/DELETE Performance"],"fullName":"RLS Performance Optimization - TDD Phase INSERT/UPDATE/DELETE Performance should optimize DELETE operations with simplified policy","status":"skipped","title":"should optimize DELETE operations with simplified policy","failureMessages":[],"meta":{}},{"ancestorTitles":["RLS Performance Optimization - TDD Phase","Backward Compatibility"],"fullName":"RLS Performance Optimization - TDD Phase Backward Compatibility should maintain exact same security behavior as current system","status":"skipped","title":"should maintain exact same security behavior as current system","failureMessages":[],"meta":{}},{"ancestorTitles":["RLS Performance Optimization - TDD Phase","Backward Compatibility"],"fullName":"RLS Performance Optimization - TDD Phase Backward Compatibility should not break existing application code","status":"skipped","title":"should not break existing application code","failureMessages":[],"meta":{}}],"startTime":1760837604817,"endTime":1760837604817,"status":"passed","message":"","name":"/Volumes/HestAI-Projects/eav-ops/eav-apps/scripts-web/src/lib/comments-rls-performance.test.ts"},{"assertionResults":[{"ancestorTitles":["Comments Infrastructure - Integration Tests","Comments Table Schema"],"fullName":"Comments Infrastructure - Integration Tests Comments Table Schema admin should create comment with required fields","status":"passed","title":"admin should create comment with required fields","duration":4581.585666,"failureMessages":[],"meta":{}},{"ancestorTitles":["Comments Infrastructure - Integration Tests","Comments Table Schema"],"fullName":"Comments Infrastructure - Integration Tests Comments Table Schema admin should create threaded comment reply","status":"passed","title":"admin should create threaded comment reply","duration":5250.814208,"failureMessages":[],"meta":{}},{"ancestorTitles":["Comments Infrastructure - Integration Tests","Comments Table Schema"],"fullName":"Comments Infrastructure - Integration Tests Comments Table Schema admin should resolve comment with resolved_at and resolved_by","status":"passed","title":"admin should resolve comment with resolved_at and resolved_by","duration":5261.0345,"failureMessages":[],"meta":{}},{"ancestorTitles":["Comments Infrastructure - Integration Tests","Comments RLS Security - CONTRACT-DRIVEN-CORRECTION"],"fullName":"Comments Infrastructure - Integration Tests Comments RLS Security - CONTRACT-DRIVEN-CORRECTION admin should have full access to all comments","status":"skipped","title":"admin should have full access to all comments","failureMessages":[],"meta":{}},{"ancestorTitles":["Comments Infrastructure - Integration Tests","Comments RLS Security - CONTRACT-DRIVEN-CORRECTION"],"fullName":"Comments Infrastructure - Integration Tests Comments RLS Security - CONTRACT-DRIVEN-CORRECTION client user should read comments from their assigned project","status":"skipped","title":"client user should read comments from their assigned project","failureMessages":[],"meta":{}},{"ancestorTitles":["Comments Infrastructure - Integration Tests","Comments RLS Security - CONTRACT-DRIVEN-CORRECTION"],"fullName":"Comments Infrastructure - Integration Tests Comments RLS Security - CONTRACT-DRIVEN-CORRECTION client user can create comments (TODO: should be read-only)","status":"skipped","title":"client user can create comments (TODO: should be read-only)","failureMessages":[],"meta":{}},{"ancestorTitles":["Comments Infrastructure - Integration Tests","Comments RLS Security - CONTRACT-DRIVEN-CORRECTION"],"fullName":"Comments Infrastructure - Integration Tests Comments RLS Security - CONTRACT-DRIVEN-CORRECTION unauthorized user should NOT see any comments","status":"skipped","title":"unauthorized user should NOT see any comments","failureMessages":[],"meta":{}},{"ancestorTitles":["Comments Infrastructure - Integration Tests","Comments RLS Security - CONTRACT-DRIVEN-CORRECTION"],"fullName":"Comments Infrastructure - Integration Tests Comments RLS Security - CONTRACT-DRIVEN-CORRECTION unauthorized user should NOT create comments","status":"skipped","title":"unauthorized user should NOT create comments","failureMessages":[],"meta":{}},{"ancestorTitles":["Comments Infrastructure - Integration Tests","Comments Position Validation"],"fullName":"Comments Infrastructure - Integration Tests Comments Position Validation should validate position bounds (negative positions)","status":"passed","title":"should validate position bounds (negative positions)","duration":5255.595459,"failureMessages":[],"meta":{}},{"ancestorTitles":["Comments Infrastructure - Integration Tests","Comments Position Validation"],"fullName":"Comments Infrastructure - Integration Tests Comments Position Validation should validate start_position < end_position","status":"failed","title":"should validate start_position < end_position","duration":5253.681583000001,"failureMessages":["AssertionError: expected undefined to be '23514' // Object.is equality\n    at /Volumes/HestAI-Projects/eav-ops/eav-apps/scripts-web/src/lib/comments.test.ts:450:27\n    at processTicksAndRejections (node:internal/process/task_queues:105:5)\n    at file:///Volumes/HestAI-Projects/eav-ops/eav-apps/scripts-web/node_modules/@vitest/runner/dist/chunk-hooks.js:752:20"],"meta":{}},{"ancestorTitles":["Comments Infrastructure - Integration Tests","Comments Threading Behavior"],"fullName":"Comments Infrastructure - Integration Tests Comments Threading Behavior admin should handle parent comment deletion gracefully (SET NULL)","status":"failed","title":"admin should handle parent comment deletion gracefully (SET NULL)","duration":5259.210332999999,"failureMessages":["AssertionError: expected { code: 'PGRST116', …(3) } to be null\n    at /Volumes/HestAI-Projects/eav-ops/eav-apps/scripts-web/src/lib/comments.test.ts:504:26\n    at processTicksAndRejections (node:internal/process/task_queues:105:5)\n    at file:///Volumes/HestAI-Projects/eav-ops/eav-apps/scripts-web/node_modules/@vitest/runner/dist/chunk-hooks.js:752:20"],"meta":{}},{"ancestorTitles":["Comments Infrastructure - Integration Tests","Comments Performance Indexes"],"fullName":"Comments Infrastructure - Integration Tests Comments Performance Indexes admin should efficiently query comments by script_id","status":"passed","title":"admin should efficiently query comments by script_id","duration":5252.034540999997,"failureMessages":[],"meta":{}},{"ancestorTitles":["Comments Infrastructure - Integration Tests","Comments Performance Indexes"],"fullName":"Comments Infrastructure - Integration Tests Comments Performance Indexes admin should efficiently filter by resolved status","status":"passed","title":"admin should efficiently filter by resolved status","duration":5252.771625000001,"failureMessages":[],"meta":{}},{"ancestorTitles":["Comments Infrastructure - Integration Tests","getComments Performance - N+1 Query Fix"],"fullName":"Comments Infrastructure - Integration Tests getComments Performance - N+1 Query Fix should fetch all user profiles in single query, not N+1 queries","status":"passed","title":"should fetch all user profiles in single query, not N+1 queries","duration":5253.621625,"failureMessages":[],"meta":{}},{"ancestorTitles":["Comments Infrastructure - Integration Tests","getComments Performance - N+1 Query Fix"],"fullName":"Comments Infrastructure - Integration Tests getComments Performance - N+1 Query Fix should complete getComments for 50 comments in <200ms","status":"passed","title":"should complete getComments for 50 comments in <200ms","duration":5251.059792,"failureMessages":[],"meta":{}},{"ancestorTitles":["Comments Infrastructure - Integration Tests","getComments Performance - N+1 Query Fix"],"fullName":"Comments Infrastructure - Integration Tests getComments Performance - N+1 Query Fix should handle mixed users efficiently with single profile query","status":"passed","title":"should handle mixed users efficiently with single profile query","duration":5256.695207999997,"failureMessages":[],"meta":{}},{"ancestorTitles":["Comments CRUD Functions - TDD Phase","createComment Function - TDD (WILL FAIL)"],"fullName":"Comments CRUD Functions - TDD Phase createComment Function - TDD (WILL FAIL) should create comment and return CommentWithUser type","status":"passed","title":"should create comment and return CommentWithUser type","duration":3752.0074160000004,"failureMessages":[],"meta":{}},{"ancestorTitles":["Comments CRUD Functions - TDD Phase","createComment Function - TDD (WILL FAIL)"],"fullName":"Comments CRUD Functions - TDD Phase createComment Function - TDD (WILL FAIL) should validate required fields and return error","status":"passed","title":"should validate required fields and return error","duration":3756.6645409999983,"failureMessages":[],"meta":{}},{"ancestorTitles":["Comments CRUD Functions - TDD Phase","getComments Function - TDD (WILL FAIL)"],"fullName":"Comments CRUD Functions - TDD Phase getComments Function - TDD (WILL FAIL) should fetch comments with user info and threading","status":"passed","title":"should fetch comments with user info and threading","duration":3753.7087919999976,"failureMessages":[],"meta":{}},{"ancestorTitles":["Comments CRUD Functions - TDD Phase","getComments Function - TDD (WILL FAIL)"],"fullName":"Comments CRUD Functions - TDD Phase getComments Function - TDD (WILL FAIL) should filter comments by resolved status","status":"passed","title":"should filter comments by resolved status","duration":3749.713957999993,"failureMessages":[],"meta":{}},{"ancestorTitles":["Comments CRUD Functions - TDD Phase","updateComment Function - TDD (WILL FAIL)"],"fullName":"Comments CRUD Functions - TDD Phase updateComment Function - TDD (WILL FAIL) should update comment content and return updated comment","status":"skipped","title":"should update comment content and return updated comment","failureMessages":[],"meta":{}},{"ancestorTitles":["Comments CRUD Functions - TDD Phase","updateComment Function - TDD (WILL FAIL)"],"fullName":"Comments CRUD Functions - TDD Phase updateComment Function - TDD (WILL FAIL) should resolve comment with timestamp and user","status":"skipped","title":"should resolve comment with timestamp and user","failureMessages":[],"meta":{}},{"ancestorTitles":["Comments CRUD Functions - TDD Phase","deleteComment Function - TDD (WILL FAIL)"],"fullName":"Comments CRUD Functions - TDD Phase deleteComment Function - TDD (WILL FAIL) should soft delete comment (mark as deleted)","status":"passed","title":"should soft delete comment (mark as deleted)","duration":3754.8594580000063,"failureMessages":[],"meta":{}},{"ancestorTitles":["Comments CRUD Functions - TDD Phase","POSITION DRIFT PERSISTENCE - TDD (RED PHASE)"],"fullName":"Comments CRUD Functions - TDD Phase POSITION DRIFT PERSISTENCE - TDD (RED PHASE) should persist highlightedText when creating comment","status":"passed","title":"should persist highlightedText when creating comment","duration":3764.4973749999917,"failureMessages":[],"meta":{}},{"ancestorTitles":["Comments CRUD Functions - TDD Phase","POSITION DRIFT PERSISTENCE - TDD (RED PHASE)"],"fullName":"Comments CRUD Functions - TDD Phase POSITION DRIFT PERSISTENCE - TDD (RED PHASE) should persist recovered positions after position recovery","status":"passed","title":"should persist recovered positions after position recovery","duration":3741.5815000000002,"failureMessages":[],"meta":{}},{"ancestorTitles":["Comments CRUD Functions - TDD Phase","CASCADE SOFT DELETE - TDD (WILL FAIL)"],"fullName":"Comments CRUD Functions - TDD Phase CASCADE SOFT DELETE - TDD (WILL FAIL) should cascade delete parent with one child","status":"passed","title":"should cascade delete parent with one child","duration":3758.673041000002,"failureMessages":[],"meta":{}},{"ancestorTitles":["Comments CRUD Functions - TDD Phase","CASCADE SOFT DELETE - TDD (WILL FAIL)"],"fullName":"Comments CRUD Functions - TDD Phase CASCADE SOFT DELETE - TDD (WILL FAIL) should cascade delete parent with multiple children","status":"passed","title":"should cascade delete parent with multiple children","duration":3749.5606249999983,"failureMessages":[],"meta":{}},{"ancestorTitles":["Comments CRUD Functions - TDD Phase","CASCADE SOFT DELETE - TDD (WILL FAIL)"],"fullName":"Comments CRUD Functions - TDD Phase CASCADE SOFT DELETE - TDD (WILL FAIL) should cascade delete nested descendants (3+ levels)","status":"passed","title":"should cascade delete nested descendants (3+ levels)","duration":3751.152291000006,"failureMessages":[],"meta":{}},{"ancestorTitles":["Comments CRUD Functions - TDD Phase","CASCADE SOFT DELETE - TDD (WILL FAIL)"],"fullName":"Comments CRUD Functions - TDD Phase CASCADE SOFT DELETE - TDD (WILL FAIL) should only delete target comment when no children exist","status":"passed","title":"should only delete target comment when no children exist","duration":3751.9952090000006,"failureMessages":[],"meta":{}},{"ancestorTitles":["Comments CRUD Functions - TDD Phase","CASCADE SOFT DELETE - TDD (WILL FAIL)"],"fullName":"Comments CRUD Functions - TDD Phase CASCADE SOFT DELETE - TDD (WILL FAIL) should handle deep nesting (5+ levels) efficiently","status":"passed","title":"should handle deep nesting (5+ levels) efficiently","duration":3753.152833,"failureMessages":[],"meta":{}},{"ancestorTitles":["Comments CRUD Functions - TDD Phase","CASCADE SOFT DELETE - TDD (WILL FAIL)"],"fullName":"Comments CRUD Functions - TDD Phase CASCADE SOFT DELETE - TDD (WILL FAIL) should maintain transaction atomicity - all or nothing","status":"passed","title":"should maintain transaction atomicity - all or nothing","duration":3749.6722500000033,"failureMessages":[],"meta":{}}],"startTime":1760837605485,"endTime":1760837711401.6724,"status":"failed","message":"","name":"/Volumes/HestAI-Projects/eav-ops/eav-apps/scripts-web/src/lib/comments.test.ts"},{"assertionResults":[{"ancestorTitles":["extractComponents"],"fullName":"extractComponents extracts numbered components from paragraphs","status":"passed","title":"extracts numbered components from paragraphs","duration":1.795125000000553,"failureMessages":[],"meta":{}},{"ancestorTitles":["extractComponents"],"fullName":"extractComponents skips [[HEADER]] paragraphs","status":"passed","title":"skips [[HEADER]] paragraphs","duration":0.30666699999892444,"failureMessages":[],"meta":{}},{"ancestorTitles":["extractComponents"],"fullName":"extractComponents skips empty paragraphs","status":"passed","title":"skips empty paragraphs","duration":0.262457999999242,"failureMessages":[],"meta":{}},{"ancestorTitles":["extractComponents"],"fullName":"extractComponents calculates word count correctly","status":"passed","title":"calculates word count correctly","duration":0.10758400000122492,"failureMessages":[],"meta":{}},{"ancestorTitles":["extractComponents"],"fullName":"extractComponents handles headers with numbers","status":"passed","title":"handles headers with numbers","duration":0.25525000000016007,"failureMessages":[],"meta":{}},{"ancestorTitles":["isComponentParagraph"],"fullName":"isComponentParagraph returns true for normal paragraphs","status":"passed","title":"returns true for normal paragraphs","duration":0.13887500000055297,"failureMessages":[],"meta":{}},{"ancestorTitles":["isComponentParagraph"],"fullName":"isComponentParagraph returns false for [[HEADER]] paragraphs","status":"passed","title":"returns false for [[HEADER]] paragraphs","duration":0.07049999999981083,"failureMessages":[],"meta":{}},{"ancestorTitles":["isComponentParagraph"],"fullName":"isComponentParagraph handles whitespace around headers","status":"passed","title":"handles whitespace around headers","duration":0.08950000000004366,"failureMessages":[],"meta":{}},{"ancestorTitles":["isComponentParagraph"],"fullName":"isComponentParagraph returns true for paragraphs containing [[HEADER]] as part of content","status":"passed","title":"returns true for paragraphs containing [[HEADER]] as part of content","duration":0.1604589999988093,"failureMessages":[],"meta":{}}],"startTime":1760837617655,"endTime":1760837617658.1604,"status":"passed","message":"","name":"/Volumes/HestAI-Projects/eav-ops/eav-apps/scripts-web/src/lib/componentExtraction.test.ts"},{"assertionResults":[{"ancestorTitles":["RLS Security Boundaries","Admin Role Access"],"fullName":"RLS Security Boundaries Admin Role Access should allow admin to see all projects","status":"skipped","title":"should allow admin to see all projects","failureMessages":[],"meta":{}},{"ancestorTitles":["RLS Security Boundaries","Admin Role Access"],"fullName":"RLS Security Boundaries Admin Role Access should allow admin to create projects with any client_filter","status":"skipped","title":"should allow admin to create projects with any client_filter","failureMessages":[],"meta":{}},{"ancestorTitles":["RLS Security Boundaries","Admin Role Access"],"fullName":"RLS Security Boundaries Admin Role Access should allow admin to modify any project","status":"skipped","title":"should allow admin to modify any project","failureMessages":[],"meta":{}},{"ancestorTitles":["RLS Security Boundaries","Admin Role Access"],"fullName":"RLS Security Boundaries Admin Role Access should allow admin to manage user_clients table","status":"skipped","title":"should allow admin to manage user_clients table","failureMessages":[],"meta":{}},{"ancestorTitles":["RLS Security Boundaries","Client Role Access"],"fullName":"RLS Security Boundaries Client Role Access should only allow client to see projects matching their client_filter","status":"skipped","title":"should only allow client to see projects matching their client_filter","failureMessages":[],"meta":{}},{"ancestorTitles":["RLS Security Boundaries","Client Role Access"],"fullName":"RLS Security Boundaries Client Role Access should prevent client from creating projects","status":"skipped","title":"should prevent client from creating projects","failureMessages":[],"meta":{}},{"ancestorTitles":["RLS Security Boundaries","Client Role Access"],"fullName":"RLS Security Boundaries Client Role Access should prevent client from updating projects","status":"skipped","title":"should prevent client from updating projects","failureMessages":[],"meta":{}},{"ancestorTitles":["RLS Security Boundaries","Client Role Access"],"fullName":"RLS Security Boundaries Client Role Access should prevent client from accessing user_clients table","status":"skipped","title":"should prevent client from accessing user_clients table","failureMessages":[],"meta":{}},{"ancestorTitles":["RLS Security Boundaries","Multi-Client Support"],"fullName":"RLS Security Boundaries Multi-Client Support should support users with multiple client_filters","status":"skipped","title":"should support users with multiple client_filters","failureMessages":[],"meta":{}},{"ancestorTitles":["RLS Security Boundaries","Multi-Client Support"],"fullName":"RLS Security Boundaries Multi-Client Support should prevent cross-client data access","status":"skipped","title":"should prevent cross-client data access","failureMessages":[],"meta":{}},{"ancestorTitles":["RLS Security Boundaries","Cascade Security for Related Tables"],"fullName":"RLS Security Boundaries Cascade Security for Related Tables should restrict video access based on project access","status":"skipped","title":"should restrict video access based on project access","failureMessages":[],"meta":{}},{"ancestorTitles":["RLS Security Boundaries","Cascade Security for Related Tables"],"fullName":"RLS Security Boundaries Cascade Security for Related Tables should restrict script access based on video/project hierarchy","status":"skipped","title":"should restrict script access based on video/project hierarchy","failureMessages":[],"meta":{}},{"ancestorTitles":["RLS Security Boundaries","Security Edge Cases"],"fullName":"RLS Security Boundaries Security Edge Cases should handle null client_filter correctly","status":"skipped","title":"should handle null client_filter correctly","failureMessages":[],"meta":{}},{"ancestorTitles":["RLS Security Boundaries","Security Edge Cases"],"fullName":"RLS Security Boundaries Security Edge Cases should prevent SQL injection via client_filter","status":"skipped","title":"should prevent SQL injection via client_filter","failureMessages":[],"meta":{}},{"ancestorTitles":["RLS Security Boundaries","Security Edge Cases"],"fullName":"RLS Security Boundaries Security Edge Cases should enforce RLS even with direct API calls","status":"skipped","title":"should enforce RLS even with direct API calls","failureMessages":[],"meta":{}},{"ancestorTitles":["RLS Security Boundaries","Performance Considerations"],"fullName":"RLS Security Boundaries Performance Considerations should handle large number of client_filters efficiently","status":"skipped","title":"should handle large number of client_filters efficiently","failureMessages":[],"meta":{}},{"ancestorTitles":["Junction Table Integrity"],"fullName":"Junction Table Integrity should prevent duplicate user-client combinations","status":"passed","title":"should prevent duplicate user-client combinations","duration":81.82283400000051,"failureMessages":[],"meta":{}},{"ancestorTitles":["Junction Table Integrity"],"fullName":"Junction Table Integrity should track who granted access and when","status":"skipped","title":"should track who granted access and when","failureMessages":[],"meta":{}}],"startTime":1760837612915,"endTime":1760837612996.8228,"status":"passed","message":"","name":"/Volumes/HestAI-Projects/eav-ops/eav-apps/scripts-web/src/lib/rls-security.test.ts"},{"assertionResults":[{"ancestorTitles":["Supabase client"],"fullName":"Supabase client should throw error if SUPABASE_URL is missing","status":"passed","title":"should throw error if SUPABASE_URL is missing","duration":0.8370840000006865,"failureMessages":[],"meta":{}},{"ancestorTitles":["Supabase client"],"fullName":"Supabase client should create supabase client with valid config","status":"passed","title":"should create supabase client with valid config","duration":17.099833000000217,"failureMessages":[],"meta":{}}],"startTime":1760837615746,"endTime":1760837615764.0999,"status":"passed","message":"","name":"/Volumes/HestAI-Projects/eav-ops/eav-apps/scripts-web/src/lib/supabase.test.ts"},{"assertionResults":[{"ancestorTitles":["Input Validation Schemas - Security Boundary","UUID Validation"],"fullName":"Input Validation Schemas - Security Boundary UUID Validation should reject invalid projectId formats","status":"passed","title":"should reject invalid projectId formats","duration":2.244915999999648,"failureMessages":[],"meta":{}},{"ancestorTitles":["Input Validation Schemas - Security Boundary","UUID Validation"],"fullName":"Input Validation Schemas - Security Boundary UUID Validation should accept valid SmartSuite IDs for projectId","status":"passed","title":"should accept valid SmartSuite IDs for projectId","duration":0.19579200000043784,"failureMessages":[],"meta":{}},{"ancestorTitles":["Input Validation Schemas - Security Boundary","UUID Validation"],"fullName":"Input Validation Schemas - Security Boundary UUID Validation shoul
[...]
s)"],"fullName":"useNavigationData - TDD RED State Tests Auto-Refresh Functionality (SKIP: infinite loop with fake timers) should clean up auto-refresh on unmount","status":"skipped","title":"should clean up auto-refresh on unmount","failureMessages":[],"meta":{}},{"ancestorTitles":["useNavigationData - TDD RED State Tests","Race Condition Prevention (SKIP: uses default autoRefresh)"],"fullName":"useNavigationData - TDD RED State Tests Race Condition Prevention (SKIP: uses default autoRefresh) should use functional state updates in refreshData","status":"skipped","title":"should use functional state updates in refreshData","failureMessages":[],"meta":{}},{"ancestorTitles":["useNavigationData - TDD RED State Tests","Race Condition Prevention (SKIP: uses default autoRefresh)"],"fullName":"useNavigationData - TDD RED State Tests Race Condition Prevention (SKIP: uses default autoRefresh) should handle rapid refresh calls safely","status":"skipped","title":"should handle rapid refresh calls safely","failureMessages":[],"meta":{}},{"ancestorTitles":["useNavigationData - TDD RED State Tests","State Management (SKIP: uses default autoRefresh)"],"fullName":"useNavigationData - TDD RED State Tests State Management (SKIP: uses default autoRefresh) should set isRefreshing flag during refresh","status":"skipped","title":"should set isRefreshing flag during refresh","failureMessages":[],"meta":{}},{"ancestorTitles":["useNavigationData - TDD RED State Tests","State Management (SKIP: uses default autoRefresh)"],"fullName":"useNavigationData - TDD RED State Tests State Management (SKIP: uses default autoRefresh) should maintain loading state correctly","status":"skipped","title":"should maintain loading state correctly","failureMessages":[],"meta":{}},{"ancestorTitles":["useNavigationData - TDD RED State Tests","Error Handling (SKIP: uses default autoRefresh)"],"fullName":"useNavigationData - TDD RED State Tests Error Handling (SKIP: uses default autoRefresh) should set error state on fetch failure","status":"skipped","title":"should set error state on fetch failure","failureMessages":[],"meta":{}},{"ancestorTitles":["useNavigationData - TDD RED State Tests","Error Handling (SKIP: uses default autoRefresh)"],"fullName":"useNavigationData - TDD RED State Tests Error Handling (SKIP: uses default autoRefresh) should log errors via logger service","status":"skipped","title":"should log errors via logger service","failureMessages":[],"meta":{}},{"ancestorTitles":["useNavigationData - TDD RED State Tests","Return Interface (SKIP: uses default autoRefresh)"],"fullName":"useNavigationData - TDD RED State Tests Return Interface (SKIP: uses default autoRefresh) should expose all required properties and methods","status":"skipped","title":"should expose all required properties and methods","failureMessages":[],"meta":{}}],"startTime":1760837617413,"endTime":1760837617420.0793,"status":"passed","message":"","name":"/Volumes/HestAI-Projects/eav-ops/eav-apps/scripts-web/src/core/state/useNavigationData.test.ts"},{"assertionResults":[{"ancestorTitles":["Step 2.1.4: Comment System Extraction Characterization"],"fullName":"Step 2.1.4: Comment System Extraction Characterization documents extraction scope and impact","status":"passed","title":"documents extraction scope and impact","duration":0.6944170000006125,"failureMessages":[],"meta":{}},{"ancestorTitles":["Step 2.1.4: Comment System Extraction Characterization"],"fullName":"Step 2.1.4: Comment System Extraction Characterization documents hook signature change","status":"passed","title":"documents hook signature change","duration":0.18337500000052387,"failureMessages":[],"meta":{}},{"ancestorTitles":["Step 2.1.4: Comment System Extraction Characterization"],"fullName":"Step 2.1.4: Comment System Extraction Characterization verifies no comment business logic remains in TipTapEditor.tsx","status":"passed","title":"verifies no comment business logic remains in TipTapEditor.tsx","duration":0.13737500000024738,"failureMessages":[],"meta":{}}],"startTime":1760837618349,"endTime":1760837618350.1833,"status":"passed","message":"","name":"/Volumes/HestAI-Projects/eav-ops/eav-apps/scripts-web/src/core/state/useScriptComments-step-2.1.4.test.tsx"},{"assertionResults":[{"ancestorTitles":["useScriptComments","Query State"],"fullName":"useScriptComments Query State returns empty threads when no script selected","status":"passed","title":"returns empty threads when no script selected","duration":11.118124999999054,"failureMessages":[],"meta":{}},{"ancestorTitles":["useScriptComments","Query State"],"fullName":"useScriptComments Query State fetches and returns threaded comments when script is loaded","status":"skipped","title":"fetches and returns threaded comments when script is loaded","failureMessages":[],"meta":{}},{"ancestorTitles":["useScriptComments","Mutation Access"],"fullName":"useScriptComments Mutation Access exposes mutations object for low-level access","status":"passed","title":"exposes mutations object for low-level access","duration":2.3455419999991136,"failureMessages":[],"meta":{}},{"ancestorTitles":["useScriptComments","Mutation Access"],"fullName":"useScriptComments Mutation Access provides convenience wrappers for common operations","status":"passed","title":"provides convenience wrappers for common operations","duration":1.8262500000000728,"failureMessages":[],"meta":{}},{"ancestorTitles":["useScriptComments","Mutation Access"],"fullName":"useScriptComments Mutation Access exposes mutation status flags","status":"passed","title":"exposes mutation status flags","duration":1.1760839999988093,"failureMessages":[],"meta":{}},{"ancestorTitles":["useScriptComments","Store Access"],"fullName":"useScriptComments Store Access exposes optimistic comments from store","status":"passed","title":"exposes optimistic comments from store","duration":1.7855410000011034,"failureMessages":[],"meta":{}},{"ancestorTitles":["useScriptComments","Store Access"],"fullName":"useScriptComments Store Access exposes submitting status from store","status":"passed","title":"exposes submitting status from store","duration":0.8646669999998267,"failureMessages":[],"meta":{}},{"ancestorTitles":["useScriptComments","Gap G6: Context-Aware Error Handling"],"fullName":"useScriptComments Gap G6: Context-Aware Error Handling provides createContextualError helper","status":"passed","title":"provides createContextualError helper","duration":0.8156249999992724,"failureMessages":[],"meta":{}},{"ancestorTitles":["useScriptComments","Gap G6: Context-Aware Error Handling"],"fullName":"useScriptComments Gap G6: Context-Aware Error Handling creates context-specific error messages for create operation","status":"passed","title":"creates context-specific error messages for create operation","duration":1.1875830000008136,"failureMessages":[],"meta":{}},{"ancestorTitles":["useScriptComments","Gap G6: Context-Aware Error Handling"],"fullName":"useScriptComments Gap G6: Context-Aware Error Handling creates context-specific error messages for delete operation","status":"passed","title":"creates context-specific error messages for delete operation","duration":2.1356250000008004,"failureMessages":[],"meta":{}},{"ancestorTitles":["useScriptComments","Gap G6: Context-Aware Error Handling"],"fullName":"useScriptComments Gap G6: Context-Aware Error Handling creates context-specific error messages for resolve operation","status":"passed","title":"creates context-specific error messages for resolve operation","duration":0.9664590000011231,"failureMessages":[],"meta":{}},{"ancestorTitles":["useScriptComments","Integration: Behavior Parity with Low-Level Hooks"],"fullName":"useScriptComments Integration: Behavior Parity with Low-Level Hooks maintains optimistic UI pattern during comment creation","status":"skipped","title":"maintains optimistic UI pattern during comment creation","failureMessages":[],"meta":{}},{"ancestorTitles":["useScriptComments","Usage Pattern: Gap G6 Preservation Examples"],"fullName":"useScriptComments Usage Pattern: Gap G6 Preservation Examples allows components to use convenience wrapper with try/catch","status":"passed","title":"allows components to use convenience wrapper with try/catch","duration":0.69329099999959,"failureMessages":[],"meta":{}},{"ancestorTitles":["useScriptComments","Usage Pattern: Gap G6 Preservation Examples"],"fullName":"useScriptComments Usage Pattern: Gap G6 Preservation Examples allows components to use mutations directly with onError callback","status":"passed","title":"allows components to use mutations directly with onError callback","duration":0.6547499999996944,"failureMessages":[],"meta":{}}],"startTime":1760837614940,"endTime":1760837614965.6934,"status":"passed","message":"","name":"/Volumes/HestAI-Projects/eav-ops/eav-apps/scripts-web/src/core/state/useScriptComments.test.tsx"},{"assertionResults":[{"ancestorTitles":["useScriptCommentsQuery - Integration Tests (Testguard-Approved)"],"fullName":"useScriptCommentsQuery - Integration Tests (Testguard-Approved) does not fetch when no script selected","status":"passed","title":"does not fetch when no script selected","duration":7.2081249999992,"failureMessages":[],"meta":{}},{"ancestorTitles":["useScriptCommentsQuery - Integration Tests (Testguard-Approved)"],"fullName":"useScriptCommentsQuery - Integration Tests (Testguard-Approved) uses 30-second stale time for comment freshness (architecture compliance)","status":"passed","title":"uses 30-second stale time for comment freshness (architecture compliance)","duration":2.044958000000406,"failureMessages":[],"meta":{}},{"ancestorTitles":["useScriptCommentsQuery - Integration Tests (Testguard-Approved)"],"fullName":"useScriptCommentsQuery - Integration Tests (Testguard-Approved) enables refetchOnWindowFocus for real-time feel","status":"passed","title":"enables refetchOnWindowFocus for real-time feel","duration":1.3797919999997248,"failureMessages":[],"meta":{}}],"startTime":1760837616876,"endTime":1760837616886.38,"status":"passed","message":"","name":"/Volumes/HestAI-Projects/eav-ops/eav-apps/scripts-web/src/core/state/useScriptCommentsQuery.test.tsx"},{"assertionResults":[{"ancestorTitles":["useScriptMutations - Integration Tests (Testguard-Approved)","saveMutation - Amendment #1 State Coordination"],"fullName":"useScriptMutations - Integration Tests (Testguard-Approved) saveMutation - Amendment #1 State Coordination RED STATE: should save script with explicit Zustand state updates","status":"passed","title":"RED STATE: should save script with explicit Zustand state updates","duration":111.24441599999955,"failureMessages":[],"meta":{}},{"ancestorTitles":["useScriptMutations - Integration Tests (Testguard-Approved)","saveMutation - Amendment #1 State Coordination"],"fullName":"useScriptMutations - Integration Tests (Testguard-Approved) saveMutation - Amendment #1 State Coordination RED STATE: should update Zustand state on save failure","status":"passed","title":"RED STATE: should update Zustand state on save failure","duration":104.43362499999967,"failureMessages":[],"meta":{}},{"ancestorTitles":["useScriptMutations - Integration Tests (Testguard-Approved)","saveMutation - Amendment #1 State Coordination"],"fullName":"useScriptMutations - Integration Tests (Testguard-Approved) saveMutation - Amendment #1 State Coordination RED STATE: should invalidate script query cache on successful save","status":"passed","title":"RED STATE: should invalidate script query cache on successful save","duration":103.20437500000025,"failureMessages":[],"meta":{}},{"ancestorTitles":["useScriptMutations - Integration Tests (Testguard-Approved)","saveMutation - Amendment #1 State Coordination"],"fullName":"useScriptMutations - Integration Tests (Testguard-Approved) saveMutation - Amendment #1 State Coordination RED STATE: should persist component data when provided in updates","status":"passed","title":"RED STATE: should persist component data when provided in updates","duration":103.77145799999926,"failureMessages":[],"meta":{}},{"ancestorTitles":["useScriptMutations - Integration Tests (Testguard-Approved)","Architecture Compliance"],"fullName":"useScriptMutations - Integration Tests (Testguard-Approved) Architecture Compliance RED STATE: should use mutation key for React Query DevTools visibility","status":"passed","title":"RED STATE: should use mutation key for React Query DevTools visibility","duration":1.2274999999999636,"failureMessages":[],"meta":{}},{"ancestorTitles":["useScriptMutations - Integration Tests (Testguard-Approved)","Amendment #3 - Concurrency Protection via PATCH Pattern"],"fullName":"useScriptMutations - Integration Tests (Testguard-Approved) Amendment #3 - Concurrency Protection via PATCH Pattern RED STATE: handles concurrent saves without data loss using PATCH pattern","status":"passed","title":"RED STATE: handles concurrent saves without data loss using PATCH pattern","duration":11.866041000000223,"failureMessages":[],"meta":{}},{"ancestorTitles":["useScriptMutations - Integration Tests (Testguard-Approved)","Amendment #3 - Concurrency Protection via PATCH Pattern"],"fullName":"useScriptMutations - Integration Tests (Testguard-Approved) Amendment #3 - Concurrency Protection via PATCH Pattern RED STATE: PATCH pattern prevents accidental field nullification","status":"passed","title":"RED STATE: PATCH pattern prevents accidental field nullification","duration":12.917417000000569,"failureMessages":[],"meta":{}},{"ancestorTitles":["useScriptMutations - Integration Tests (Testguard-Approved)","updateStatus Mutation - Gap #1 & #4 Resolution"],"fullName":"useScriptMutations - Integration Tests (Testguard-Approved) updateStatus Mutation - Gap #1 & #4 Resolution RED STATE: should update script status with optimistic UI and rollback","status":"passed","title":"RED STATE: should update script status with optimistic UI and rollback","duration":55.39375000000018,"failureMessages":[],"meta":{}},{"ancestorTitles":["useScriptMutations - Integration Tests (Testguard-Approved)","updateStatus Mutation - Gap #1 & #4 Resolution"],"fullName":"useScriptMutations - Integration Tests (Testguard-Approved) updateStatus Mutation - Gap #1 & #4 Resolution RED STATE: should rollback on status update failure","status":"passed","title":"RED STATE: should rollback on status update failure","duration":53.37091599999985,"failureMessages":[],"meta":{}},{"ancestorTitles":["useScriptMutations - Integration Tests (Testguard-Approved)","updateStatus Mutation - Gap #1 & #4 Resolution"],"fullName":"useScriptMutations - Integration Tests (Testguard-Approved) updateStatus Mutation - Gap #1 & #4 Resolution RED STATE: should use correct cache key for React Query","status":"passed","title":"RED STATE: should use correct cache key for React Query","duration":1.6397079999997004,"failureMessages":[],"meta":{}}],"startTime":1760837611432,"endTime":1760837611991.6396,"status":"passed","message":"","name":"/Volumes/HestAI-Projects/eav-ops/eav-apps/scripts-web/src/core/state/useScriptMutations.test.tsx"},{"assertionResults":[{"ancestorTitles":["sanitizeUtils - Characterization Tests","sanitizeHTML"],"fullName":"sanitizeUtils - Characterization Tests sanitizeHTML should allow safe HTML tags","status":"passed","title":"should allow safe HTML tags","duration":5.53716600000007,"failureMessages":[],"meta":{}},{"ancestorTitles":["sanitizeUtils - Characterization Tests","sanitizeHTML"],"fullName":"sanitizeUtils - Characterization Tests sanitizeHTML should strip dangerous script tags","status":"passed","title":"should strip dangerous script tags","duration":1.5282079999997222,"failureMessages":[],"meta":{}},{"ancestorTitles":["sanitizeUtils - Characterization Tests","sanitizeHTML"],"fullName":"sanitizeUtils - Characterization Tests sanitizeHTML should strip event handlers","status":"passed","title":"should strip event handlers","duration":1.2919590000001335,"failureMessages":[],"meta":{}},{"ancestorTitles":["sanitizeUtils - Characterization Tests","sanitizeHTML"],"fullName":"sanitizeUtils - Characterization Tests sanitizeHTML should allow class attributes","status":"passed","title":"should allow class attributes","duration":0.6438749999997526,"failureMessages":[],"meta":{}},{"ancestorTitles":["sanitizeUtils - Characterization Tests","convertPlainTextToHTML"],"fullName":"sanitizeUtils - Characterization Tests convertPlainTextToHTML should convert plain text to HTML paragraph","status":"passed","title":"should convert plain text to HTML paragraph","duration":0.6077079999995476,"failureMessages":[],"meta":{}},{"ancestorTitles":["sanitizeUtils - Characterization Tests","convertPlainTextToHTML"],"fullName":"sanitizeUtils - Characterization Tests convertPlainTextToHTML should escape HTML entities","status":"passed","title":"should escape HTML entities","duration":0.8057079999998678,"failureMessages":[],"meta":{}},{"ancestorTitles":["sanitizeUtils - Characterization Tests","convertPlainTextToHTML"],"fullName":"sanitizeUtils - Characterization Tests convertPlainTextToHTML should convert double newlines to paragraph breaks","status":"passed","title":"should convert double newlines to paragraph breaks","duration":1.0620839999992313,"failureMessages":[],"meta":{}},{"ancestorTitles":["sanitizeUtils - Characterization Tests","convertPlainTextToHTML"],"fullName":"sanitizeUtils - Characterization Tests convertPlainTextToHTML should escape dangerous HTML characters","status":"passed","title":"should escape dangerous HTML characters","duration":0.802917000000889,"failureMessages":[],"meta":{}},{"ancestorTitles":["sanitizeUtils - Characterization Tests","handlePlainTextPaste"],"fullName":"sanitizeUtils - Characterization Tests handlePlainTextPaste should reject paste content exceeding 1MB size limit","status":"passed","title":"should reject paste content exceeding 1MB size limit","duration":1.5925419999985024,"failureMessages":[],"meta":{}},{"ancestorTitles":["sanitizeUtils - Characterization Tests","handlePlainTextPaste"],"fullName":"sanitizeUtils - Characterization Tests handlePlainTextPaste should handle single paragraph plain text","status":"passed","title":"should handle single paragraph plain text","duration":0.39325000000098953,"failureMessages":[],"meta":{}},{"ancestorTitles":["sanitizeUtils - Characterization Tests","handlePlainTextPaste"],"fullName":"sanitizeUtils - Characterization Tests handlePlainTextPaste should handle multiple paragraphs with double newlines","status":"passed","title":"should handle multiple paragraphs with double newlines","duration":3.5433329999996204,"failureMessages":[],"meta":{}},{"ancestorTitles":["sanitizeUtils - Characterization Tests","handlePlainTextPaste"],"fullName":"sanitizeUtils - Characterization Tests handlePlainTextPaste should sanitize HTML entities in multi-paragraph paste","status":"passed","title":"should sanitize HTML entities in multi-paragraph paste","duration":1.1861669999998412,"failureMessages":[],"meta":{}}],"startTime":1760837615699,"endTime":1760837615718.1863,"status":"passed","message":"","name":"/Volumes/HestAI-Projects/eav-ops/eav-apps/scripts-web/src/lib/editor/sanitizeUtils.test.ts"},{"assertionResults":[{"ancestorTitles":["ParagraphComponentTracker - Characterization Tests"],"fullName":"ParagraphComponentTracker - Characterization Tests should be a TipTap extension","status":"passed","title":"should be a TipTap extension","duration":0.5841249999994034,"failureMessages":[],"meta":{}},{"ancestorTitles":["ParagraphComponentTracker - Characterization Tests"],"fullName":"ParagraphComponentTracker - Characterization Tests should have correct extension configuration","status":"passed","title":"should have correct extension configuration","duration":0.24562499999956344,"failureMessages":[],"meta":{}}],"startTime":1760837618496,"endTime":1760837618496.5842,"status":"passed","message":"","name":"/Volumes/HestAI-Projects/eav-ops/eav-apps/scripts-web/src/features/editor/extensions/ParagraphComponentTracker.test.ts"}]}